Wed Apr 16 17:39:39 UTC 2025
Thu Apr 17 13:18:35 UTC 2025
Fri Apr 18 13:15:35 UTC 2025
Sat Apr 19 13:02:38 UTC 2025
Sun Apr 20 13:14:07 UTC 2025
Mon Apr 21 13:17:19 UTC 2025
Tue Apr 22 13:35:05 UTC 2025
Wed Apr 23 13:35:56 UTC 2025
Thu Apr 24 13:36:39 UTC 2025
Fri Apr 25 13:19:25 UTC 2025
Sat Apr 26 13:04:07 UTC 2025
Sun Apr 27 13:04:24 UTC 2025
Mon Apr 28 13:49:55 UTC 2025
Tue Apr 29 13:44:28 UTC 2025
Wed Apr 30 13:35:02 UTC 2025
Thu May  1 13:17:53 UTC 2025
Fri May  2 13:19:01 UTC 2025
Sat May  3 13:05:43 UTC 2025
Sun May  4 13:13:46 UTC 2025
Mon May  5 13:36:10 UTC 2025
Tue May  6 13:40:25 UTC 2025
